{"C:\\Users\\gabri\\OneDrive\\Documentos\\1-Projetos\\node-tests-jest\\index.js": {"path":"C:\\Users\\gabri\\OneDrive\\Documentos\\1-Projetos\\node-tests-jest\\index.js","statementMap":{"0":{"start":{"line":1,"column":25},"end":{"line":3,"column":1}},"1":{"start":{"line":2,"column":1},"end":{"line":2,"column":31}},"2":{"start":{"line":5,"column":17},"end":{"line":7,"column":1}},"3":{"start":{"line":6,"column":1},"end":{"line":6,"column":26}}},"fnMap":{"0":{"name":"(anonymous_0)","decl":{"start":{"line":1,"column":25},"end":{"line":1,"column":26}},"loc":{"start":{"line":1,"column":52},"end":{"line":3,"column":1}},"line":1},"1":{"name":"(anonymous_1)","decl":{"start":{"line":5,"column":17},"end":{"line":5,"column":18}},"loc":{"start":{"line":5,"column":39},"end":{"line":7,"column":1}},"line":5}},"branchMap":{},"s":{"0":1,"1":1,"2":1,"3":1},"f":{"0":1,"1":1},"b":{},"_coverageSchema":"1a1c01bbd47fc00a2c39e90264f33305004495a9","hash":"67d04b7fa97d7180d6916ed2b5033c5652893e8a"}
,"C:\\Users\\gabri\\OneDrive\\Documentos\\1-Projetos\\node-tests-jest\\carrinho\\cart.js": {"path":"C:\\Users\\gabri\\OneDrive\\Documentos\\1-Projetos\\node-tests-jest\\carrinho\\cart.js","statementMap":{"0":{"start":{"line":3,"column":2},"end":{"line":3,"column":18}},"1":{"start":{"line":4,"column":2},"end":{"line":4,"column":23}},"2":{"start":{"line":5,"column":2},"end":{"line":5,"column":22}},"3":{"start":{"line":6,"column":2},"end":{"line":6,"column":20}},"4":{"start":{"line":10,"column":2},"end":{"line":10,"column":24}},"5":{"start":{"line":14,"column":2},"end":{"line":14,"column":23}},"6":{"start":{"line":18,"column":2},"end":{"line":21,"column":4}},"7":{"start":{"line":19,"column":19},"end":{"line":19,"column":50}},"8":{"start":{"line":22,"column":2},"end":{"line":22,"column":38}},"9":{"start":{"line":26,"column":2},"end":{"line":28,"column":3}},"10":{"start":{"line":27,"column":3},"end":{"line":27,"column":48}},"11":{"start":{"line":30,"column":2},"end":{"line":30,"column":37}},"12":{"start":{"line":32,"column":2},"end":{"line":36,"column":4}}},"fnMap":{"0":{"name":"(anonymous_0)","decl":{"start":{"line":2,"column":1},"end":{"line":2,"column":2}},"loc":{"start":{"line":2,"column":15},"end":{"line":7,"column":2}},"line":2},"1":{"name":"(anonymous_1)","decl":{"start":{"line":9,"column":1},"end":{"line":9,"column":2}},"loc":{"start":{"line":9,"column":11},"end":{"line":11,"column":2}},"line":9},"2":{"name":"(anonymous_2)","decl":{"start":{"line":13,"column":1},"end":{"line":13,"column":2}},"loc":{"start":{"line":13,"column":19},"end":{"line":15,"column":2}},"line":13},"3":{"name":"(anonymous_3)","decl":{"start":{"line":17,"column":1},"end":{"line":17,"column":2}},"loc":{"start":{"line":17,"column":18},"end":{"line":23,"column":2}},"line":17},"4":{"name":"(anonymous_4)","decl":{"start":{"line":19,"column":3},"end":{"line":19,"column":4}},"loc":{"start":{"line":19,"column":19},"end":{"line":19,"column":50}},"line":19},"5":{"name":"(anonymous_5)","decl":{"start":{"line":25,"column":1},"end":{"line":25,"column":2}},"loc":{"start":{"line":25,"column":12},"end":{"line":37,"column":2}},"line":25}},"branchMap":{"0":{"loc":{"start":{"line":26,"column":2},"end":{"line":28,"column":3}},"type":"if","locations":[{"start":{"line":26,"column":2},"end":{"line":28,"column":3}},{"start":{},"end":{}}],"line":26}},"s":{"0":6,"1":6,"2":6,"3":6,"4":4,"5":1,"6":1,"7":2,"8":1,"9":2,"10":1,"11":1,"12":1},"f":{"0":6,"1":4,"2":1,"3":1,"4":2,"5":2},"b":{"0":[1,1]},"_coverageSchema":"1a1c01bbd47fc00a2c39e90264f33305004495a9","hash":"a880ef9b65ad25f0ec3e97e1c90fa2dedfb09153"}
,"C:\\Users\\gabri\\OneDrive\\Documentos\\1-Projetos\\node-tests-jest\\carrinho\\item.js": {"path":"C:\\Users\\gabri\\OneDrive\\Documentos\\1-Projetos\\node-tests-jest\\carrinho\\item.js","statementMap":{"0":{"start":{"line":3,"column":2},"end":{"line":3,"column":19}},"1":{"start":{"line":4,"column":2},"end":{"line":4,"column":21}},"2":{"start":{"line":5,"column":2},"end":{"line":5,"column":27}},"3":{"start":{"line":9,"column":2},"end":{"line":9,"column":36}}},"fnMap":{"0":{"name":"(anonymous_0)","decl":{"start":{"line":2,"column":1},"end":{"line":2,"column":2}},"loc":{"start":{"line":2,"column":36},"end":{"line":6,"column":2}},"line":2},"1":{"name":"(anonymous_1)","decl":{"start":{"line":8,"column":1},"end":{"line":8,"column":2}},"loc":{"start":{"line":8,"column":21},"end":{"line":10,"column":2}},"line":8}},"branchMap":{},"s":{"0":6,"1":6,"2":6,"3":3},"f":{"0":6,"1":3},"b":{},"_coverageSchema":"1a1c01bbd47fc00a2c39e90264f33305004495a9","hash":"3641351d907d47f6b05f7ac8bf42e6e5157233cb"}
}
